<?xml version="1.0" encoding="UTF-8"?>
<testng-results retried="4" ignored="0" total="7" passed="1" failed="2" skipped="0">
  <reporter-output>
  </reporter-output>
  <suite started-at="2024-01-18T18:45:09 IST" name="test1" finished-at="2024-01-18T18:47:24 IST" duration-ms="134170">
    <groups>
    </groups>
    <test started-at="2024-01-18T18:45:09 IST" name="POMframework" finished-at="2024-01-18T18:47:24 IST" duration-ms="134170">
      <class name="testPages.SignInPage_Test">
        <test-method is-config="true" signature="InitalizeExtentReport()[pri:0, instance:testPages.SignInPage_Test@4f32a3ad]" started-at="2024-01-18T18:45:09 IST" name="InitalizeExtentReport" finished-at="2024-01-18T18:45:09 IST" duration-ms="755" status="PASS">
          <reporter-output>
          </reporter-output>
        </test-method> <!-- InitalizeExtentReport -->
        <test-method is-config="true" signature="getnameMethod(org.testng.ITestContext)[pri:0, instance:testPages.SignInPage_Test@4f32a3ad]" started-at="2024-01-18T18:45:09 IST" name="getnameMethod" finished-at="2024-01-18T18:45:09 IST" duration-ms="16" status="PASS">
          <params>
            <param index="0">
              <value>
                <![CDATA[org.testng.TestRunner@74a58a06]]>
              </value>
            </param>
          </params>
          <reporter-output>
          </reporter-output>
        </test-method> <!-- getnameMethod -->
        <test-method is-config="true" signature="getBrowser()[pri:0, instance:testPages.SignInPage_Test@4f32a3ad]" started-at="2024-01-18T18:45:09 IST" name="getBrowser" finished-at="2024-01-18T18:45:29 IST" duration-ms="19286" status="PASS">
          <reporter-output>
          </reporter-output>
        </test-method> <!-- getBrowser -->
        <test-method is-config="true" signature="setup()[pri:0, instance:testPages.SignInPage_Test@4f32a3ad]" started-at="2024-01-18T18:45:30 IST" name="setup" finished-at="2024-01-18T18:45:30 IST" duration-ms="40" status="PASS">
          <reporter-output>
          </reporter-output>
        </test-method> <!-- setup -->
        <test-method signature="testmultipleLogin(java.lang.String,java.lang.String)[pri:0, instance:testPages.SignInPage_Test@4f32a3ad]" started-at="2024-01-18T18:45:30 IST" name="testmultipleLogin" data-provider="testdata" finished-at="2024-01-18T18:45:55 IST" duration-ms="25473" status="PASS">
          <params>
            <param index="0">
              <value>
                <![CDATA[kirans@gmail.com]]>
              </value>
            </param>
            <param index="1">
              <value>
                <![CDATA[Kiran4301@S]]>
              </value>
            </param>
          </params>
          <reporter-output>
          </reporter-output>
        </test-method> <!-- testmultipleLogin -->
        <test-method is-config="true" signature="generateTestStatus(java.lang.reflect.Method,org.testng.ITestResult)[pri:0, instance:testPages.SignInPage_Test@4f32a3ad]" started-at="2024-01-18T18:45:55 IST" name="generateTestStatus" finished-at="2024-01-18T18:45:55 IST" duration-ms="8" status="PASS">
          <params>
            <param index="0">
              <value>
                <![CDATA[public void testPages.SignInPage_Test.testmultipleLogin(java.lang.String,java.lang.String)]]>
              </value>
            </param>
            <param index="1">
              <value>
                <![CDATA[[TestResult name=testmultipleLogin status=SUCCESS method=SignInPage_Test.testmultipleLogin(java.lang.String,java.lang.String)[pri:0, instance:testPages.SignInPage_Test@4f32a3ad] output={null}]]]>
              </value>
            </param>
          </params>
          <reporter-output>
          </reporter-output>
        </test-method> <!-- generateTestStatus -->
        <test-method is-config="true" signature="setup()[pri:0, instance:testPages.SignInPage_Test@4f32a3ad]" started-at="2024-01-18T18:45:55 IST" name="setup" finished-at="2024-01-18T18:45:55 IST" duration-ms="6" status="PASS">
          <reporter-output>
          </reporter-output>
        </test-method> <!-- setup -->
        <test-method retried="true" signature="testmultipleLogin(java.lang.String,java.lang.String)[pri:0, instance:testPages.SignInPage_Test@4f32a3ad]" started-at="2024-01-18T18:45:55 IST" name="testmultipleLogin" data-provider="testdata" finished-at="2024-01-18T18:46:11 IST" duration-ms="16258" status="SKIP">
          <params>
            <param index="0">
              <value>
                <![CDATA[invalidUser]]>
              </value>
            </param>
            <param index="1">
              <value>
                <![CDATA[Kiran4301@S]]>
              </value>
            </param>
          </params>
          <exception class="java.lang.AssertionError">
            <message>
              <![CDATA[Logout is not possible ,Not a browser issue try with valid credentials - Hence Unsuccessful SignIn]]>
            </message>
            <full-stacktrace>
              <![CDATA[java.lang.AssertionError: Logout is not possible ,Not a browser issue try with valid credentials - Hence Unsuccessful SignIn
at org.testng.Assert.fail(Assert.java:110)
at testPages.SignInPage_Test.testmultipleLogin(SignInPage_Test.java:36)
at java.base/jdk.internal.reflect.NativeMethodAccessorImpl.invoke0(Native Method)
at java.base/jdk.internal.reflect.NativeMethodAccessorImpl.invoke(NativeMethodAccessorImpl.java:77)
at java.base/jdk.internal.reflect.DelegatingMethodAccessorImpl.invoke(DelegatingMethodAccessorImpl.java:43)
at java.base/java.lang.reflect.Method.invoke(Method.java:568)
at org.testng.internal.invokers.MethodInvocationHelper.invokeMethod(MethodInvocationHelper.java:139)
at org.testng.internal.invokers.TestInvoker.invokeMethod(TestInvoker.java:677)
at org.testng.internal.invokers.TestInvoker.invokeTestMethod(TestInvoker.java:221)
at org.testng.internal.invokers.MethodRunner.runInSequence(MethodRunner.java:50)
at org.testng.internal.invokers.TestInvoker$MethodInvocationAgent.invoke(TestInvoker.java:969)
at org.testng.internal.invokers.TestInvoker.invokeTestMethods(TestInvoker.java:194)
at org.testng.internal.invokers.TestMethodWorker.invokeTestMethods(TestMethodWorker.java:148)
at org.testng.internal.invokers.TestMethodWorker.run(TestMethodWorker.java:128)
at java.base/java.util.ArrayList.forEach(ArrayList.java:1511)
at org.testng.TestRunner.privateRun(TestRunner.java:829)
at org.testng.TestRunner.run(TestRunner.java:602)
at org.testng.SuiteRunner.runTest(SuiteRunner.java:437)
at org.testng.SuiteRunner.runSequentially(SuiteRunner.java:431)
at org.testng.SuiteRunner.privateRun(SuiteRunner.java:391)
at org.testng.SuiteRunner.run(SuiteRunner.java:330)
at org.testng.SuiteRunnerWorker.runSuite(SuiteRunnerWorker.java:52)
at org.testng.SuiteRunnerWorker.run(SuiteRunnerWorker.java:95)
at org.testng.TestNG.runSuitesSequentially(TestNG.java:1256)
at org.testng.TestNG.runSuitesLocally(TestNG.java:1176)
at org.testng.TestNG.runSuites(TestNG.java:1099)
at org.testng.TestNG.run(TestNG.java:1067)
at org.testng.remote.AbstractRemoteTestNG.run(AbstractRemoteTestNG.java:115)
at org.testng.remote.RemoteTestNG.initAndRun(RemoteTestNG.java:251)
at org.testng.remote.RemoteTestNG.main(RemoteTestNG.java:77)
]]>
            </full-stacktrace>
          </exception> <!-- java.lang.AssertionError -->
          <reporter-output>
          </reporter-output>
        </test-method> <!-- testmultipleLogin -->
        <test-method is-config="true" signature="generateTestStatus(java.lang.reflect.Method,org.testng.ITestResult)[pri:0, instance:testPages.SignInPage_Test@4f32a3ad]" started-at="2024-01-18T18:46:11 IST" name="generateTestStatus" finished-at="2024-01-18T18:46:11 IST" duration-ms="1" status="PASS">
          <params>
            <param index="0">
              <value>
                <![CDATA[public void testPages.SignInPage_Test.testmultipleLogin(java.lang.String,java.lang.String)]]>
              </value>
            </param>
            <param index="1">
              <value>
                <![CDATA[[TestResult name=testmultipleLogin status=SKIP method=SignInPage_Test.testmultipleLogin(java.lang.String,java.lang.String)[pri:0, instance:testPages.SignInPage_Test@4f32a3ad] output={null}]]]>
              </value>
            </param>
          </params>
          <reporter-output>
          </reporter-output>
        </test-method> <!-- generateTestStatus -->
        <test-method is-config="true" signature="setup()[pri:0, instance:testPages.SignInPage_Test@4f32a3ad]" started-at="2024-01-18T18:46:12 IST" name="setup" finished-at="2024-01-18T18:46:12 IST" duration-ms="1" status="PASS">
          <reporter-output>
          </reporter-output>
        </test-method> <!-- setup -->
        <test-method retried="true" signature="testmultipleLogin(java.lang.String,java.lang.String)[pri:0, instance:testPages.SignInPage_Test@4f32a3ad]" started-at="2024-01-18T18:46:12 IST" name="testmultipleLogin" data-provider="testdata" finished-at="2024-01-18T18:46:25 IST" duration-ms="13476" status="SKIP">
          <params>
            <param index="0">
              <value>
                <![CDATA[invalidUser]]>
              </value>
            </param>
            <param index="1">
              <value>
                <![CDATA[Kiran4301@S]]>
              </value>
            </param>
          </params>
          <exception class="java.lang.AssertionError">
            <message>
              <![CDATA[Logout is not possible ,Not a browser issue try with valid credentials - Hence Unsuccessful SignIn]]>
            </message>
            <full-stacktrace>
              <![CDATA[java.lang.AssertionError: Logout is not possible ,Not a browser issue try with valid credentials - Hence Unsuccessful SignIn
at org.testng.Assert.fail(Assert.java:110)
at testPages.SignInPage_Test.testmultipleLogin(SignInPage_Test.java:36)
at java.base/jdk.internal.reflect.NativeMethodAccessorImpl.invoke0(Native Method)
at java.base/jdk.internal.reflect.NativeMethodAccessorImpl.invoke(NativeMethodAccessorImpl.java:77)
at java.base/jdk.internal.reflect.DelegatingMethodAccessorImpl.invoke(DelegatingMethodAccessorImpl.java:43)
at java.base/java.lang.reflect.Method.invoke(Method.java:568)
at org.testng.internal.invokers.MethodInvocationHelper.invokeMethod(MethodInvocationHelper.java:139)
at org.testng.internal.invokers.TestInvoker.invokeMethod(TestInvoker.java:677)
at org.testng.internal.invokers.TestInvoker.retryFailed(TestInvoker.java:263)
at org.testng.internal.invokers.MethodRunner.runInSequence(MethodRunner.java:62)
at org.testng.internal.invokers.TestInvoker$MethodInvocationAgent.invoke(TestInvoker.java:969)
at org.testng.internal.invokers.TestInvoker.invokeTestMethods(TestInvoker.java:194)
at org.testng.internal.invokers.TestMethodWorker.invokeTestMethods(TestMethodWorker.java:148)
at org.testng.internal.invokers.TestMethodWorker.run(TestMethodWorker.java:128)
at java.base/java.util.ArrayList.forEach(ArrayList.java:1511)
at org.testng.TestRunner.privateRun(TestRunner.java:829)
at org.testng.TestRunner.run(TestRunner.java:602)
at org.testng.SuiteRunner.runTest(SuiteRunner.java:437)
at org.testng.SuiteRunner.runSequentially(SuiteRunner.java:431)
at org.testng.SuiteRunner.privateRun(SuiteRunner.java:391)
at org.testng.SuiteRunner.run(SuiteRunner.java:330)
at org.testng.SuiteRunnerWorker.runSuite(SuiteRunnerWorker.java:52)
at org.testng.SuiteRunnerWorker.run(SuiteRunnerWorker.java:95)
at org.testng.TestNG.runSuitesSequentially(TestNG.java:1256)
at org.testng.TestNG.runSuitesLocally(TestNG.java:1176)
at org.testng.TestNG.runSuites(TestNG.java:1099)
at org.testng.TestNG.run(TestNG.java:1067)
at org.testng.remote.AbstractRemoteTestNG.run(AbstractRemoteTestNG.java:115)
at org.testng.remote.RemoteTestNG.initAndRun(RemoteTestNG.java:251)
at org.testng.remote.RemoteTestNG.main(RemoteTestNG.java:77)
]]>
            </full-stacktrace>
          </exception> <!-- java.lang.AssertionError -->
          <reporter-output>
          </reporter-output>
        </test-method> <!-- testmultipleLogin -->
        <test-method is-config="true" signature="generateTestStatus(java.lang.reflect.Method,org.testng.ITestResult)[pri:0, instance:testPages.SignInPage_Test@4f32a3ad]" started-at="2024-01-18T18:46:25 IST" name="generateTestStatus" finished-at="2024-01-18T18:46:25 IST" duration-ms="0" status="PASS">
          <params>
            <param index="0">
              <value>
                <![CDATA[public void testPages.SignInPage_Test.testmultipleLogin(java.lang.String,java.lang.String)]]>
              </value>
            </param>
            <param index="1">
              <value>
                <![CDATA[[TestResult name=testmultipleLogin status=SKIP method=SignInPage_Test.testmultipleLogin(java.lang.String,java.lang.String)[pri:0, instance:testPages.SignInPage_Test@4f32a3ad] output={null}]]]>
              </value>
            </param>
          </params>
          <reporter-output>
          </reporter-output>
        </test-method> <!-- generateTestStatus -->
        <test-method is-config="true" signature="setup()[pri:0, instance:testPages.SignInPage_Test@4f32a3ad]" started-at="2024-01-18T18:46:25 IST" name="setup" finished-at="2024-01-18T18:46:25 IST" duration-ms="5" status="PASS">
          <reporter-output>
          </reporter-output>
        </test-method> <!-- setup -->
        <test-method signature="testmultipleLogin(java.lang.String,java.lang.String)[pri:0, instance:testPages.SignInPage_Test@4f32a3ad]" started-at="2024-01-18T18:46:25 IST" name="testmultipleLogin" data-provider="testdata" finished-at="2024-01-18T18:46:42 IST" duration-ms="17084" status="FAIL">
          <params>
            <param index="0">
              <value>
                <![CDATA[invalidUser]]>
              </value>
            </param>
            <param index="1">
              <value>
                <![CDATA[Kiran4301@S]]>
              </value>
            </param>
          </params>
          <exception class="java.lang.AssertionError">
            <message>
              <![CDATA[Logout is not possible ,Not a browser issue try with valid credentials - Hence Unsuccessful SignIn]]>
            </message>
            <full-stacktrace>
              <![CDATA[java.lang.AssertionError: Logout is not possible ,Not a browser issue try with valid credentials - Hence Unsuccessful SignIn
at org.testng.Assert.fail(Assert.java:110)
at testPages.SignInPage_Test.testmultipleLogin(SignInPage_Test.java:36)
at java.base/jdk.internal.reflect.NativeMethodAccessorImpl.invoke0(Native Method)
at java.base/jdk.internal.reflect.NativeMethodAccessorImpl.invoke(NativeMethodAccessorImpl.java:77)
at java.base/jdk.internal.reflect.DelegatingMethodAccessorImpl.invoke(DelegatingMethodAccessorImpl.java:43)
at java.base/java.lang.reflect.Method.invoke(Method.java:568)
at org.testng.internal.invokers.MethodInvocationHelper.invokeMethod(MethodInvocationHelper.java:139)
at org.testng.internal.invokers.TestInvoker.invokeMethod(TestInvoker.java:677)
at org.testng.internal.invokers.TestInvoker.retryFailed(TestInvoker.java:263)
at org.testng.internal.invokers.MethodRunner.runInSequence(MethodRunner.java:62)
at org.testng.internal.invokers.TestInvoker$MethodInvocationAgent.invoke(TestInvoker.java:969)
at org.testng.internal.invokers.TestInvoker.invokeTestMethods(TestInvoker.java:194)
at org.testng.internal.invokers.TestMethodWorker.invokeTestMethods(TestMethodWorker.java:148)
at org.testng.internal.invokers.TestMethodWorker.run(TestMethodWorker.java:128)
at java.base/java.util.ArrayList.forEach(ArrayList.java:1511)
at org.testng.TestRunner.privateRun(TestRunner.java:829)
at org.testng.TestRunner.run(TestRunner.java:602)
at org.testng.SuiteRunner.runTest(SuiteRunner.java:437)
at org.testng.SuiteRunner.runSequentially(SuiteRunner.java:431)
at org.testng.SuiteRunner.privateRun(SuiteRunner.java:391)
at org.testng.SuiteRunner.run(SuiteRunner.java:330)
at org.testng.SuiteRunnerWorker.runSuite(SuiteRunnerWorker.java:52)
at org.testng.SuiteRunnerWorker.run(SuiteRunnerWorker.java:95)
at org.testng.TestNG.runSuitesSequentially(TestNG.java:1256)
at org.testng.TestNG.runSuitesLocally(TestNG.java:1176)
at org.testng.TestNG.runSuites(TestNG.java:1099)
at org.testng.TestNG.run(TestNG.java:1067)
at org.testng.remote.AbstractRemoteTestNG.run(AbstractRemoteTestNG.java:115)
at org.testng.remote.RemoteTestNG.initAndRun(RemoteTestNG.java:251)
at org.testng.remote.RemoteTestNG.main(RemoteTestNG.java:77)
]]>
            </full-stacktrace>
          </exception> <!-- java.lang.AssertionError -->
          <reporter-output>
          </reporter-output>
        </test-method> <!-- testmultipleLogin -->
        <test-method is-config="true" signature="generateTestStatus(java.lang.reflect.Method,org.testng.ITestResult)[pri:0, instance:testPages.SignInPage_Test@4f32a3ad]" started-at="2024-01-18T18:46:43 IST" name="generateTestStatus" finished-at="2024-01-18T18:46:43 IST" duration-ms="13" status="PASS">
          <params>
            <param index="0">
              <value>
                <![CDATA[public void testPages.SignInPage_Test.testmultipleLogin(java.lang.String,java.lang.String)]]>
              </value>
            </param>
            <param index="1">
              <value>
                <![CDATA[[TestResult name=testmultipleLogin status=FAILURE method=SignInPage_Test.testmultipleLogin(java.lang.String,java.lang.String)[pri:0, instance:testPages.SignInPage_Test@4f32a3ad] output={null}]]]>
              </value>
            </param>
          </params>
          <reporter-output>
          </reporter-output>
        </test-method> <!-- generateTestStatus -->
        <test-method is-config="true" signature="setup()[pri:0, instance:testPages.SignInPage_Test@4f32a3ad]" started-at="2024-01-18T18:46:43 IST" name="setup" finished-at="2024-01-18T18:46:43 IST" duration-ms="1" status="PASS">
          <reporter-output>
          </reporter-output>
        </test-method> <!-- setup -->
        <test-method retried="true" signature="testmultipleLogin(java.lang.String,java.lang.String)[pri:0, instance:testPages.SignInPage_Test@4f32a3ad]" started-at="2024-01-18T18:46:43 IST" name="testmultipleLogin" data-provider="testdata" finished-at="2024-01-18T18:46:54 IST" duration-ms="11742" status="SKIP">
          <params>
            <param index="0">
              <value>
                <![CDATA[kirans@gmail.com]]>
              </value>
            </param>
            <param index="1">
              <value>
                <![CDATA[invalidPassword]]>
              </value>
            </param>
          </params>
          <exception class="java.lang.AssertionError">
            <message>
              <![CDATA[Logout is not possible ,Not a browser issue try with valid credentials - Hence Unsuccessful SignIn]]>
            </message>
            <full-stacktrace>
              <![CDATA[java.lang.AssertionError: Logout is not possible ,Not a browser issue try with valid credentials - Hence Unsuccessful SignIn
at org.testng.Assert.fail(Assert.java:110)
at testPages.SignInPage_Test.testmultipleLogin(SignInPage_Test.java:36)
at java.base/jdk.internal.reflect.NativeMethodAccessorImpl.invoke0(Native Method)
at java.base/jdk.internal.reflect.NativeMethodAccessorImpl.invoke(NativeMethodAccessorImpl.java:77)
at java.base/jdk.internal.reflect.DelegatingMethodAccessorImpl.invoke(DelegatingMethodAccessorImpl.java:43)
at java.base/java.lang.reflect.Method.invoke(Method.java:568)
at org.testng.internal.invokers.MethodInvocationHelper.invokeMethod(MethodInvocationHelper.java:139)
at org.testng.internal.invokers.TestInvoker.invokeMethod(TestInvoker.java:677)
at org.testng.internal.invokers.TestInvoker.invokeTestMethod(TestInvoker.java:221)
at org.testng.internal.invokers.MethodRunner.runInSequence(MethodRunner.java:50)
at org.testng.internal.invokers.TestInvoker$MethodInvocationAgent.invoke(TestInvoker.java:969)
at org.testng.internal.invokers.TestInvoker.invokeTestMethods(TestInvoker.java:194)
at org.testng.internal.invokers.TestMethodWorker.invokeTestMethods(TestMethodWorker.java:148)
at org.testng.internal.invokers.TestMethodWorker.run(TestMethodWorker.java:128)
at java.base/java.util.ArrayList.forEach(ArrayList.java:1511)
at org.testng.TestRunner.privateRun(TestRunner.java:829)
at org.testng.TestRunner.run(TestRunner.java:602)
at org.testng.SuiteRunner.runTest(SuiteRunner.java:437)
at org.testng.SuiteRunner.runSequentially(SuiteRunner.java:431)
at org.testng.SuiteRunner.privateRun(SuiteRunner.java:391)
at org.testng.SuiteRunner.run(SuiteRunner.java:330)
at org.testng.SuiteRunnerWorker.runSuite(SuiteRunnerWorker.java:52)
at org.testng.SuiteRunnerWorker.run(SuiteRunnerWorker.java:95)
at org.testng.TestNG.runSuitesSequentially(TestNG.java:1256)
at org.testng.TestNG.runSuitesLocally(TestNG.java:1176)
at org.testng.TestNG.runSuites(TestNG.java:1099)
at org.testng.TestNG.run(TestNG.java:1067)
at org.testng.remote.AbstractRemoteTestNG.run(AbstractRemoteTestNG.java:115)
at org.testng.remote.RemoteTestNG.initAndRun(RemoteTestNG.java:251)
at org.testng.remote.RemoteTestNG.main(RemoteTestNG.java:77)
]]>
            </full-stacktrace>
          </exception> <!-- java.lang.AssertionError -->
          <reporter-output>
          </reporter-output>
        </test-method> <!-- testmultipleLogin -->
        <test-method is-config="true" signature="generateTestStatus(java.lang.reflect.Method,org.testng.ITestResult)[pri:0, instance:testPages.SignInPage_Test@4f32a3ad]" started-at="2024-01-18T18:46:54 IST" name="generateTestStatus" finished-at="2024-01-18T18:46:54 IST" duration-ms="1" status="PASS">
          <params>
            <param index="0">
              <value>
                <![CDATA[public void testPages.SignInPage_Test.testmultipleLogin(java.lang.String,java.lang.String)]]>
              </value>
            </param>
            <param index="1">
              <value>
                <![CDATA[[TestResult name=testmultipleLogin status=SKIP method=SignInPage_Test.testmultipleLogin(java.lang.String,java.lang.String)[pri:0, instance:testPages.SignInPage_Test@4f32a3ad] output={null}]]]>
              </value>
            </param>
          </params>
          <reporter-output>
          </reporter-output>
        </test-method> <!-- generateTestStatus -->
        <test-method retried="true" signature="testmultipleLogin(java.lang.String,java.lang.String)[pri:0, instance:testPages.SignInPage_Test@4f32a3ad]" started-at="2024-01-18T18:46:54 IST" name="testmultipleLogin" data-provider="testdata" finished-at="2024-01-18T18:47:09 IST" duration-ms="14287" status="SKIP">
          <params>
            <param index="0">
              <value>
                <![CDATA[kirans@gmail.com]]>
              </value>
            </param>
            <param index="1">
              <value>
                <![CDATA[invalidPassword]]>
              </value>
            </param>
          </params>
          <exception class="java.lang.AssertionError">
            <message>
              <![CDATA[Logout is not possible ,Not a browser issue try with valid credentials - Hence Unsuccessful SignIn]]>
            </message>
            <full-stacktrace>
              <![CDATA[java.lang.AssertionError: Logout is not possible ,Not a browser issue try with valid credentials - Hence Unsuccessful SignIn
at org.testng.Assert.fail(Assert.java:110)
at testPages.SignInPage_Test.testmultipleLogin(SignInPage_Test.java:36)
at java.base/jdk.internal.reflect.NativeMethodAccessorImpl.invoke0(Native Method)
at java.base/jdk.internal.reflect.NativeMethodAccessorImpl.invoke(NativeMethodAccessorImpl.java:77)
at java.base/jdk.internal.reflect.DelegatingMethodAccessorImpl.invoke(DelegatingMethodAccessorImpl.java:43)
at java.base/java.lang.reflect.Method.invoke(Method.java:568)
at org.testng.internal.invokers.MethodInvocationHelper.invokeMethod(MethodInvocationHelper.java:139)
at org.testng.internal.invokers.TestInvoker.invokeMethod(TestInvoker.java:677)
at org.testng.internal.invokers.TestInvoker.retryFailed(TestInvoker.java:263)
at org.testng.internal.invokers.MethodRunner.runInSequence(MethodRunner.java:62)
at org.testng.internal.invokers.TestInvoker$MethodInvocationAgent.invoke(TestInvoker.java:969)
at org.testng.internal.invokers.TestInvoker.invokeTestMethods(TestInvoker.java:194)
at org.testng.internal.invokers.TestMethodWorker.invokeTestMethods(TestMethodWorker.java:148)
at org.testng.internal.invokers.TestMethodWorker.run(TestMethodWorker.java:128)
at java.base/java.util.ArrayList.forEach(ArrayList.java:1511)
at org.testng.TestRunner.privateRun(TestRunner.java:829)
at org.testng.TestRunner.run(TestRunner.java:602)
at org.testng.SuiteRunner.runTest(SuiteRunner.java:437)
at org.testng.SuiteRunner.runSequentially(SuiteRunner.java:431)
at org.testng.SuiteRunner.privateRun(SuiteRunner.java:391)
at org.testng.SuiteRunner.run(SuiteRunner.java:330)
at org.testng.SuiteRunnerWorker.runSuite(SuiteRunnerWorker.java:52)
at org.testng.SuiteRunnerWorker.run(SuiteRunnerWorker.java:95)
at org.testng.TestNG.runSuitesSequentially(TestNG.java:1256)
at org.testng.TestNG.runSuitesLocally(TestNG.java:1176)
at org.testng.TestNG.runSuites(TestNG.java:1099)
at org.testng.TestNG.run(TestNG.java:1067)
at org.testng.remote.AbstractRemoteTestNG.run(AbstractRemoteTestNG.java:115)
at org.testng.remote.RemoteTestNG.initAndRun(RemoteTestNG.java:251)
at org.testng.remote.RemoteTestNG.main(RemoteTestNG.java:77)
]]>
            </full-stacktrace>
          </exception> <!-- java.lang.AssertionError -->
          <reporter-output>
          </reporter-output>
        </test-method> <!-- testmultipleLogin -->
        <test-method is-config="true" signature="setup()[pri:0, instance:testPages.SignInPage_Test@4f32a3ad]" started-at="2024-01-18T18:46:54 IST" name="setup" finished-at="2024-01-18T18:46:54 IST" duration-ms="0" status="PASS">
          <reporter-output>
          </reporter-output>
        </test-method> <!-- setup -->
        <test-method is-config="true" signature="generateTestStatus(java.lang.reflect.Method,org.testng.ITestResult)[pri:0, instance:testPages.SignInPage_Test@4f32a3ad]" started-at="2024-01-18T18:47:09 IST" name="generateTestStatus" finished-at="2024-01-18T18:47:09 IST" duration-ms="1" status="PASS">
          <params>
            <param index="0">
              <value>
                <![CDATA[public void testPages.SignInPage_Test.testmultipleLogin(java.lang.String,java.lang.String)]]>
              </value>
            </param>
            <param index="1">
              <value>
                <![CDATA[[TestResult name=testmultipleLogin status=SKIP method=SignInPage_Test.testmultipleLogin(java.lang.String,java.lang.String)[pri:0, instance:testPages.SignInPage_Test@4f32a3ad] output={null}]]]>
              </value>
            </param>
          </params>
          <reporter-output>
          </reporter-output>
        </test-method> <!-- generateTestStatus -->
        <test-method is-config="true" signature="setup()[pri:0, instance:testPages.SignInPage_Test@4f32a3ad]" started-at="2024-01-18T18:47:09 IST" name="setup" finished-at="2024-01-18T18:47:09 IST" duration-ms="1" status="PASS">
          <reporter-output>
          </reporter-output>
        </test-method> <!-- setup -->
        <test-method signature="testmultipleLogin(java.lang.String,java.lang.String)[pri:0, instance:testPages.SignInPage_Test@4f32a3ad]" started-at="2024-01-18T18:47:09 IST" name="testmultipleLogin" data-provider="testdata" finished-at="2024-01-18T18:47:23 IST" duration-ms="13815" status="FAIL">
          <params>
            <param index="0">
              <value>
                <![CDATA[kirans@gmail.com]]>
              </value>
            </param>
            <param index="1">
              <value>
                <![CDATA[invalidPassword]]>
              </value>
            </param>
          </params>
          <exception class="java.lang.AssertionError">
            <message>
              <![CDATA[Logout is not possible ,Not a browser issue try with valid credentials - Hence Unsuccessful SignIn]]>
            </message>
            <full-stacktrace>
              <![CDATA[java.lang.AssertionError: Logout is not possible ,Not a browser issue try with valid credentials - Hence Unsuccessful SignIn
at org.testng.Assert.fail(Assert.java:110)
at testPages.SignInPage_Test.testmultipleLogin(SignInPage_Test.java:36)
at java.base/jdk.internal.reflect.NativeMethodAccessorImpl.invoke0(Native Method)
at java.base/jdk.internal.reflect.NativeMethodAccessorImpl.invoke(NativeMethodAccessorImpl.java:77)
at java.base/jdk.internal.reflect.DelegatingMethodAccessorImpl.invoke(DelegatingMethodAccessorImpl.java:43)
at java.base/java.lang.reflect.Method.invoke(Method.java:568)
at org.testng.internal.invokers.MethodInvocationHelper.invokeMethod(MethodInvocationHelper.java:139)
at org.testng.internal.invokers.TestInvoker.invokeMethod(TestInvoker.java:677)
at org.testng.internal.invokers.TestInvoker.retryFailed(TestInvoker.java:263)
at org.testng.internal.invokers.MethodRunner.runInSequence(MethodRunner.java:62)
at org.testng.internal.invokers.TestInvoker$MethodInvocationAgent.invoke(TestInvoker.java:969)
at org.testng.internal.invokers.TestInvoker.invokeTestMethods(TestInvoker.java:194)
at org.testng.internal.invokers.TestMethodWorker.invokeTestMethods(TestMethodWorker.java:148)
at org.testng.internal.invokers.TestMethodWorker.run(TestMethodWorker.java:128)
at java.base/java.util.ArrayList.forEach(ArrayList.java:1511)
at org.testng.TestRunner.privateRun(TestRunner.java:829)
at org.testng.TestRunner.run(TestRunner.java:602)
at org.testng.SuiteRunner.runTest(SuiteRunner.java:437)
at org.testng.SuiteRunner.runSequentially(SuiteRunner.java:431)
at org.testng.SuiteRunner.privateRun(SuiteRunner.java:391)
at org.testng.SuiteRunner.run(SuiteRunner.java:330)
at org.testng.SuiteRunnerWorker.runSuite(SuiteRunnerWorker.java:52)
at org.testng.SuiteRunnerWorker.run(SuiteRunnerWorker.java:95)
at org.testng.TestNG.runSuitesSequentially(TestNG.java:1256)
at org.testng.TestNG.runSuitesLocally(TestNG.java:1176)
at org.testng.TestNG.runSuites(TestNG.java:1099)
at org.testng.TestNG.run(TestNG.java:1067)
at org.testng.remote.AbstractRemoteTestNG.run(AbstractRemoteTestNG.java:115)
at org.testng.remote.RemoteTestNG.initAndRun(RemoteTestNG.java:251)
at org.testng.remote.RemoteTestNG.main(RemoteTestNG.java:77)
]]>
            </full-stacktrace>
          </exception> <!-- java.lang.AssertionError -->
          <reporter-output>
          </reporter-output>
        </test-method> <!-- testmultipleLogin -->
        <test-method is-config="true" signature="generateTestStatus(java.lang.reflect.Method,org.testng.ITestResult)[pri:0, instance:testPages.SignInPage_Test@4f32a3ad]" started-at="2024-01-18T18:47:23 IST" name="generateTestStatus" finished-at="2024-01-18T18:47:23 IST" duration-ms="12" status="PASS">
          <params>
            <param index="0">
              <value>
                <![CDATA[public void testPages.SignInPage_Test.testmultipleLogin(java.lang.String,java.lang.String)]]>
              </value>
            </param>
            <param index="1">
              <value>
                <![CDATA[[TestResult name=testmultipleLogin status=FAILURE method=SignInPage_Test.testmultipleLogin(java.lang.String,java.lang.String)[pri:0, instance:testPages.SignInPage_Test@4f32a3ad] output={null}]]]>
              </value>
            </param>
          </params>
          <reporter-output>
          </reporter-output>
        </test-method> <!-- generateTestStatus -->
        <test-method is-config="true" signature="teardown()[pri:0, instance:testPages.SignInPage_Test@4f32a3ad]" started-at="2024-01-18T18:47:23 IST" name="teardown" finished-at="2024-01-18T18:47:24 IST" duration-ms="745" status="PASS">
          <reporter-output>
          </reporter-output>
        </test-method> <!-- teardown -->
        <test-method is-config="true" signature="generateReports()[pri:0, instance:testPages.SignInPage_Test@4f32a3ad]" started-at="2024-01-18T18:47:24 IST" name="generateReports" finished-at="2024-01-18T18:47:25 IST" duration-ms="1695" status="PASS">
          <reporter-output>
          </reporter-output>
        </test-method> <!-- generateReports -->
      </class> <!-- testPages.SignInPage_Test -->
    </test> <!-- POMframework -->
  </suite> <!-- test1 -->
</testng-results>
